<?xml version="1.0" encoding="UTF-8"?>
<!-- Generated by org.testng.reporters.JUnitReportReporter -->
<testsuite hostname="LTIN445772" failures="0" tests="1" name="PS" time="0.031" errors="0" timestamp="2024-08-02T15:25:21 IST" skipped="0">
  <testcase classname="PS" name="getPS1" time="0.031"/>
  <system-out/>
</testsuite> <!-- PS -->
